2019-06-06 17:50:21 INFO  devpinoyLogger:144 - Invoking chrome browser
2019-06-06 17:50:22 INFO  devpinoyLogger:148 - Invoking urlhttps://www.tripiflights.com/
2019-06-06 17:51:38 INFO  Log:12 - Test is Starting...
2019-06-06 17:51:39 INFO  Log:22 - FROM --> Entered the City name : DEL
2019-06-06 17:51:42 INFO  Log:22 - Selected the City name from the suggested dropped down list
2019-06-06 17:51:43 INFO  Log:22 - TO --> Entered the City name : M
2019-06-06 17:51:43 INFO  Log:22 - Selected the City name from the suggested dropped down list
2019-06-06 17:51:43 INFO  Log:17 - Test is Ending...
2019-06-06 17:51:43 INFO  Log:12 - Test is Starting...
2019-06-06 17:51:44 INFO  Log:22 - Handle the staleElement reference exception using below loop and click on next arrow button upto 3 time from the current month for departure date
2019-06-06 17:51:44 INFO  Log:22 - select departure date 18
2019-06-06 17:51:44 INFO  Log:22 - Click on selected depature date : 18
2019-06-06 17:51:44 INFO  Log:22 - Handle the staleElement reference exception using below loop and click on next arrow button upto 3 time from the current month for return date
2019-06-06 17:51:44 INFO  Log:22 - select return date 7
2019-06-06 17:51:44 INFO  Log:22 - Click on selected return date : 7
2019-06-06 17:51:44 INFO  Log:12 - Test is Starting...
2019-06-06 17:51:53 INFO  Log:22 - Clicked on search button
2019-06-06 17:52:36 INFO  devpinoyLogger:162 - Closing browser session
2019-06-06 17:57:10 INFO  devpinoyLogger:144 - Invoking chrome browser
2019-06-06 17:57:11 INFO  devpinoyLogger:148 - Invoking urlhttps://www.tripiflights.com/
2019-06-06 17:57:43 INFO  Log:12 - Test is Starting...
2019-06-06 17:57:43 INFO  Log:22 - FROM --> Entered the City name : DEL
2019-06-06 17:57:44 INFO  Log:22 - Selected the City name from the suggested dropped down list
2019-06-06 17:57:44 INFO  Log:22 - TO --> Entered the City name : M
2019-06-06 17:57:45 INFO  Log:22 - Selected the City name from the suggested dropped down list
2019-06-06 17:57:45 INFO  Log:17 - Test is Ending...
2019-06-06 17:57:45 INFO  Log:12 - Test is Starting...
2019-06-06 17:57:45 INFO  Log:22 - Handle the staleElement reference exception using below loop and click on next arrow button upto 3 time from the current month for departure date
2019-06-06 17:57:45 INFO  Log:22 - select departure date 18
2019-06-06 17:57:45 INFO  Log:22 - Click on selected depature date : 18
2019-06-06 17:57:45 INFO  Log:22 - Handle the staleElement reference exception using below loop and click on next arrow button upto 3 time from the current month for return date
2019-06-06 17:57:45 INFO  Log:22 - select return date 7
2019-06-06 17:57:46 INFO  Log:22 - Click on selected return date : 7
2019-06-06 17:57:46 INFO  Log:12 - Test is Starting...
2019-06-06 17:57:46 INFO  Log:22 - Clicked on search button
2019-06-06 17:58:16 INFO  Log:22 - Test case has been passed
2019-06-06 17:58:16 INFO  devpinoyLogger:162 - Closing browser session
2019-06-06 18:06:48 INFO  Log:22 - Invoked chrome browser
2019-06-06 18:06:49 INFO  Log:22 - Invoked url https://www.tripiflights.com/
2019-06-06 18:07:22 INFO  Log:12 - EnterCityDetailsForFromAirport test case started
2019-06-06 18:07:22 INFO  Log:22 - FROM --> Entered the City name : DEL
2019-06-06 18:07:23 INFO  Log:22 - Selected the City name from the suggested dropped down list
2019-06-06 18:07:23 INFO  Log:22 - TO --> Entered the City name : M
2019-06-06 18:07:24 INFO  Log:22 - Selected the City name from the suggested dropped down list
2019-06-06 18:07:24 INFO  Log:17 - EnterCityDetailsForFromAirport test case Completed
2019-06-06 18:07:24 INFO  Log:12 - EnterDates test case started
2019-06-06 18:07:24 INFO  Log:22 - Handle the staleElement reference exception using below loop and click on next arrow button upto 3 time from the current month for departure date
2019-06-06 18:07:25 INFO  Log:22 - select departure date 18
2019-06-06 18:07:25 INFO  Log:22 - Click on selected depature date : 18
2019-06-06 18:07:25 INFO  Log:22 - Handle the staleElement reference exception using below loop and click on next arrow button upto 3 time from the current month for return date
2019-06-06 18:07:25 INFO  Log:22 - select return date 7
2019-06-06 18:07:25 INFO  Log:22 - Click on selected return date : 7
2019-06-06 18:07:25 INFO  Log:12 - EnterDates test case completed
2019-06-06 18:07:25 INFO  Log:22 - Clicked on search button
2019-06-06 18:07:55 INFO  Log:22 - Test case has been passed
2019-06-06 18:07:55 INFO  Log:22 - Closing browser session
2019-06-06 18:09:54 INFO  Log:22 - Invoked chrome browser
2019-06-06 18:09:56 INFO  Log:22 - Invoked url https://www.tripiflights.com/
2019-06-06 18:10:28 INFO  Log:12 - EnterCityDetailsForFromAirport test case started
2019-06-06 18:10:28 INFO  Log:22 - FROM --> Entered the City name : DEL
2019-06-06 18:10:28 INFO  Log:22 - Selected the City name from the suggested dropped down list
2019-06-06 18:10:28 INFO  Log:22 - TO --> Entered the City name : M
2019-06-06 18:10:29 INFO  Log:22 - Selected the City name from the suggested dropped down list
2019-06-06 18:10:29 INFO  Log:17 - EnterCityDetailsForFromAirport test case Completed
2019-06-06 18:10:29 INFO  Log:12 - EnterDates test case started
2019-06-06 18:10:29 INFO  Log:22 - Handle the staleElement reference exception using below loop and click on next arrow button upto 3 time from the current month for departure date
2019-06-06 18:10:30 INFO  Log:22 - select departure date 18
2019-06-06 18:10:30 INFO  Log:22 - Click on selected depature date : 18
2019-06-06 18:10:30 INFO  Log:22 - Handle the staleElement reference exception using below loop and click on next arrow button upto 3 time from the current month for return date
2019-06-06 18:10:30 INFO  Log:22 - select return date 7
2019-06-06 18:10:30 INFO  Log:22 - Click on selected return date : 7
2019-06-06 18:10:30 INFO  Log:12 - EnterDates test case completed
2019-06-06 18:10:30 INFO  Log:22 - Clicked on search button
2019-06-06 18:11:01 ERROR Log:32 - Exception occurs !!!
java.lang.NullPointerException
	at java.util.regex.Matcher.getTextLength(Matcher.java:1283)
	at java.util.regex.Matcher.reset(Matcher.java:309)
	at java.util.regex.Matcher.<init>(Matcher.java:229)
	at java.util.regex.Pattern.matcher(Pattern.java:1093)
	at com.aventstack.extentreports.utils.ExceptionUtil.getExceptionHeadline(ExceptionUtil.java:25)
	at com.aventstack.extentreports.model.ExceptionInfo.<init>(ExceptionInfo.java:19)
	at com.aventstack.extentreports.ExtentTest.log(ExtentTest.java:405)
	at com.aventstack.extentreports.ExtentTest.log(ExtentTest.java:422)
	at TestClass.TestBase.GetReportResult(TestBase.java:103)
	at sun.reflect.NativeMethodAccessorImpl.invoke0(Native Method)
	at sun.reflect.NativeMethodAccessorImpl.invoke(NativeMethodAccessorImpl.java:62)
	at sun.reflect.DelegatingMethodAccessorImpl.invoke(DelegatingMethodAccessorImpl.java:43)
	at java.lang.reflect.Method.invoke(Method.java:498)
	at org.testng.internal.MethodInvocationHelper.invokeMethod(MethodInvocationHelper.java:80)
	at org.testng.internal.Invoker.invokeConfigurationMethod(Invoker.java:564)
	at org.testng.internal.Invoker.invokeConfigurations(Invoker.java:213)
	at org.testng.internal.Invoker.invokeMethod(Invoker.java:786)
	at org.testng.internal.Invoker.invokeTestMethod(Invoker.java:901)
	at org.testng.internal.Invoker.invokeTestMethods(Invoker.java:1231)
	at org.testng.internal.TestMethodWorker.invokeTestMethods(TestMethodWorker.java:127)
	at org.testng.internal.TestMethodWorker.run(TestMethodWorker.java:111)
	at org.testng.TestRunner.privateRun(TestRunner.java:767)
	at org.testng.TestRunner.run(TestRunner.java:617)
	at org.testng.SuiteRunner.runTest(SuiteRunner.java:334)
	at org.testng.SuiteRunner.runSequentially(SuiteRunner.java:329)
	at org.testng.SuiteRunner.privateRun(SuiteRunner.java:291)
	at org.testng.SuiteRunner.run(SuiteRunner.java:240)
	at org.testng.SuiteRunnerWorker.runSuite(SuiteRunnerWorker.java:52)
	at org.testng.SuiteRunnerWorker.run(SuiteRunnerWorker.java:86)
	at org.testng.TestNG.runSuitesSequentially(TestNG.java:1198)
	at org.testng.TestNG.runSuitesLocally(TestNG.java:1123)
	at org.testng.TestNG.run(TestNG.java:1031)
	at org.testng.remote.AbstractRemoteTestNG.run(AbstractRemoteTestNG.java:115)
	at org.testng.remote.RemoteTestNG.initAndRun(RemoteTestNG.java:251)
	at org.testng.remote.RemoteTestNG.main(RemoteTestNG.java:77)
2019-06-06 18:11:01 INFO  Log:22 - Closing browser session
2019-06-06 18:15:08 INFO  Log:22 - Invoked chrome browser
2019-06-06 18:15:10 INFO  Log:22 - Invoked url https://www.tripiflights.com/
2019-06-06 18:15:42 INFO  Log:12 - SearchTickets test has been started
2019-06-06 18:15:50 INFO  Log:12 - EnterCityDetailsForFromAirport test case started
2019-06-06 18:15:50 INFO  Log:22 - FROM --> Entered the City name : DEL
2019-06-06 18:15:50 INFO  Log:22 - Selected the City name from the suggested dropped down list
2019-06-06 18:15:50 INFO  Log:22 - TO --> Entered the City name : M
2019-06-06 18:15:51 INFO  Log:22 - Selected the City name from the suggested dropped down list
2019-06-06 18:15:51 INFO  Log:17 - EnterCityDetailsForFromAirport test case Completed
2019-06-06 18:15:51 INFO  Log:12 - EnterDates test case started
2019-06-06 18:15:51 INFO  Log:22 - Handle the staleElement reference exception using below loop and click on next arrow button upto 3 time from the current month for departure date
2019-06-06 18:15:52 INFO  Log:22 - select departure date 18
2019-06-06 18:15:52 INFO  Log:22 - Click on selected depature date : 18
2019-06-06 18:15:52 INFO  Log:22 - Handle the staleElement reference exception using below loop and click on next arrow button upto 3 time from the current month for return date
2019-06-06 18:15:52 INFO  Log:22 - select return date 7
2019-06-06 18:15:52 INFO  Log:22 - Click on selected return date : 7
2019-06-06 18:15:52 INFO  Log:12 - EnterDates test case completed
2019-06-06 18:15:52 INFO  Log:22 - Clicked on search button
2019-06-06 18:17:00 ERROR Log:32 - Exception occurs !!!
java.lang.NullPointerException
	at java.util.regex.Matcher.getTextLength(Matcher.java:1283)
	at java.util.regex.Matcher.reset(Matcher.java:309)
	at java.util.regex.Matcher.<init>(Matcher.java:229)
	at java.util.regex.Pattern.matcher(Pattern.java:1093)
	at com.aventstack.extentreports.utils.ExceptionUtil.getExceptionHeadline(ExceptionUtil.java:25)
	at com.aventstack.extentreports.model.ExceptionInfo.<init>(ExceptionInfo.java:19)
	at com.aventstack.extentreports.ExtentTest.log(ExtentTest.java:405)
	at com.aventstack.extentreports.ExtentTest.log(ExtentTest.java:422)
	at TestClass.TestBase.GetReportResult(TestBase.java:103)
	at sun.reflect.NativeMethodAccessorImpl.invoke0(Native Method)
	at sun.reflect.NativeMethodAccessorImpl.invoke(NativeMethodAccessorImpl.java:62)
	at sun.reflect.DelegatingMethodAccessorImpl.invoke(DelegatingMethodAccessorImpl.java:43)
	at java.lang.reflect.Method.invoke(Method.java:498)
	at org.testng.internal.MethodInvocationHelper.invokeMethod(MethodInvocationHelper.java:80)
	at org.testng.internal.Invoker.invokeConfigurationMethod(Invoker.java:564)
	at org.testng.internal.Invoker.invokeConfigurations(Invoker.java:213)
	at org.testng.internal.Invoker.invokeMethod(Invoker.java:786)
	at org.testng.internal.Invoker.invokeTestMethod(Invoker.java:901)
	at org.testng.internal.Invoker.invokeTestMethods(Invoker.java:1231)
	at org.testng.internal.TestMethodWorker.invokeTestMethods(TestMethodWorker.java:127)
	at org.testng.internal.TestMethodWorker.run(TestMethodWorker.java:111)
	at org.testng.TestRunner.privateRun(TestRunner.java:767)
	at org.testng.TestRunner.run(TestRunner.java:617)
	at org.testng.SuiteRunner.runTest(SuiteRunner.java:334)
	at org.testng.SuiteRunner.runSequentially(SuiteRunner.java:329)
	at org.testng.SuiteRunner.privateRun(SuiteRunner.java:291)
	at org.testng.SuiteRunner.run(SuiteRunner.java:240)
	at org.testng.SuiteRunnerWorker.runSuite(SuiteRunnerWorker.java:52)
	at org.testng.SuiteRunnerWorker.run(SuiteRunnerWorker.java:86)
	at org.testng.TestNG.runSuitesSequentially(TestNG.java:1198)
	at org.testng.TestNG.runSuitesLocally(TestNG.java:1123)
	at org.testng.TestNG.run(TestNG.java:1031)
	at org.testng.remote.AbstractRemoteTestNG.run(AbstractRemoteTestNG.java:115)
	at org.testng.remote.RemoteTestNG.initAndRun(RemoteTestNG.java:251)
	at org.testng.remote.RemoteTestNG.main(RemoteTestNG.java:77)
2019-06-06 18:17:00 INFO  Log:22 - Closing browser session
2019-06-06 18:19:52 INFO  Log:22 - Invoked chrome browser
2019-06-06 18:19:53 INFO  Log:22 - Invoked url https://www.tripiflights.com/
2019-06-06 18:20:25 INFO  Log:12 - SearchTickets test has been started
2019-06-06 18:20:25 INFO  Log:22 - FROM --> Entered the City name : DEL
2019-06-06 18:20:26 INFO  Log:22 - Selected the City name from the suggested dropped down list
2019-06-06 18:20:26 INFO  Log:22 - TO --> Entered the City name : M
2019-06-06 18:20:27 INFO  Log:22 - Selected the City name from the suggested dropped down list
2019-06-06 18:20:27 INFO  Log:22 - Handle the staleElement reference exception using below loop and click on next arrow button upto 3 time from the current month for departure date
2019-06-06 18:20:27 INFO  Log:22 - select departure date 18
2019-06-06 18:20:27 INFO  Log:22 - Click on selected depature date : 18
2019-06-06 18:20:27 INFO  Log:22 - Handle the staleElement reference exception using below loop and click on next arrow button upto 3 time from the current month for return date
2019-06-06 18:20:27 INFO  Log:22 - select return date 7
2019-06-06 18:20:27 INFO  Log:22 - Click on selected return date : 7
2019-06-06 18:20:28 INFO  Log:22 - Clicked on search button
2019-06-06 18:20:58 INFO  Log:22 - Test case has been failed
2019-06-06 18:20:58 ERROR Log:32 - Exception occurs !!!
java.lang.NullPointerException
	at java.util.regex.Matcher.getTextLength(Matcher.java:1283)
	at java.util.regex.Matcher.reset(Matcher.java:309)
	at java.util.regex.Matcher.<init>(Matcher.java:229)
	at java.util.regex.Pattern.matcher(Pattern.java:1093)
	at com.aventstack.extentreports.utils.ExceptionUtil.getExceptionHeadline(ExceptionUtil.java:25)
	at com.aventstack.extentreports.model.ExceptionInfo.<init>(ExceptionInfo.java:19)
	at com.aventstack.extentreports.ExtentTest.log(ExtentTest.java:405)
	at com.aventstack.extentreports.ExtentTest.log(ExtentTest.java:422)
	at TestClass.TestBase.GetReportResult(TestBase.java:103)
	at sun.reflect.NativeMethodAccessorImpl.invoke0(Native Method)
	at sun.reflect.NativeMethodAccessorImpl.invoke(NativeMethodAccessorImpl.java:62)
	at sun.reflect.DelegatingMethodAccessorImpl.invoke(DelegatingMethodAccessorImpl.java:43)
	at java.lang.reflect.Method.invoke(Method.java:498)
	at org.testng.internal.MethodInvocationHelper.invokeMethod(MethodInvocationHelper.java:80)
	at org.testng.internal.Invoker.invokeConfigurationMethod(Invoker.java:564)
	at org.testng.internal.Invoker.invokeConfigurations(Invoker.java:213)
	at org.testng.internal.Invoker.invokeMethod(Invoker.java:786)
	at org.testng.internal.Invoker.invokeTestMethod(Invoker.java:901)
	at org.testng.internal.Invoker.invokeTestMethods(Invoker.java:1231)
	at org.testng.internal.TestMethodWorker.invokeTestMethods(TestMethodWorker.java:127)
	at org.testng.internal.TestMethodWorker.run(TestMethodWorker.java:111)
	at org.testng.TestRunner.privateRun(TestRunner.java:767)
	at org.testng.TestRunner.run(TestRunner.java:617)
	at org.testng.SuiteRunner.runTest(SuiteRunner.java:334)
	at org.testng.SuiteRunner.runSequentially(SuiteRunner.java:329)
	at org.testng.SuiteRunner.privateRun(SuiteRunner.java:291)
	at org.testng.SuiteRunner.run(SuiteRunner.java:240)
	at org.testng.SuiteRunnerWorker.runSuite(SuiteRunnerWorker.java:52)
	at org.testng.SuiteRunnerWorker.run(SuiteRunnerWorker.java:86)
	at org.testng.TestNG.runSuitesSequentially(TestNG.java:1198)
	at org.testng.TestNG.runSuitesLocally(TestNG.java:1123)
	at org.testng.TestNG.run(TestNG.java:1031)
	at org.testng.remote.AbstractRemoteTestNG.run(AbstractRemoteTestNG.java:115)
	at org.testng.remote.RemoteTestNG.initAndRun(RemoteTestNG.java:251)
	at org.testng.remote.RemoteTestNG.main(RemoteTestNG.java:77)
2019-06-06 18:20:58 INFO  Log:22 - Closing browser session
